<?xml version="1.0" encoding="UTF-8"?>
<!-- Generated by org.testng.reporters.JUnitXMLReporter -->
<testsuite hostname="ip-172-31-29-241" ignored="0" name="BDD Tests" tests="6" failures="0" timestamp="2023-01-14T16:19:03 UTC" time="42.676" errors="0">
  <testcase name="runScenario" time="32.805" classname="io.cucumber.testng.AbstractTestNGCucumberTests"/>
  <testcase name="runScenario" time="36.432" classname="io.cucumber.testng.AbstractTestNGCucumberTests"/>
  <testcase name="runScenario" time="36.658" classname="io.cucumber.testng.AbstractTestNGCucumberTests"/>
  <testcase name="runScenario" time="36.822" classname="io.cucumber.testng.AbstractTestNGCucumberTests"/>
  <testcase name="runScenario" time="37.482" classname="io.cucumber.testng.AbstractTestNGCucumberTests"/>
  <testcase name="runScenario" time="42.452" classname="io.cucumber.testng.AbstractTestNGCucumberTests"/>
</testsuite> <!-- BDD Tests -->
